<?xml version="1.0" encoding="UTF-8"?>
<!-- Generated by org.testng.reporters.JUnitReportReporter -->
<testsuite hostname="DESKTOP-JJNSGAJ" failures="0" tests="4" name="learningtestng.SimpleTestNG" time="0.012" errors="0" timestamp="2021-11-08T11:48:36 EST" skipped="0">
  <testcase classname="learningtestng.SimpleTestNG" name="DPTest" time="0.006"/>
  <system-out/>
  <testcase classname="learningtestng.SimpleTestNG" name="test1" time="0.002"/>
  <system-out/>
  <testcase classname="learningtestng.SimpleTestNG" name="DPTest" time="0.002"/>
  <system-out/>
  <testcase classname="learningtestng.SimpleTestNG" name="test2" time="0.002"/>
  <system-out/>
</testsuite> <!-- learningtestng.SimpleTestNG -->
