<?xml version="1.0" encoding="UTF-8"?>
<!-- Generated by org.testng.reporters.JUnitReportReporter -->
<testsuite hostname="DESKTOP-JJNSGAJ" failures="0" tests="1" name="learningtestng.Login" time="0.800" errors="0" timestamp="2021-11-08T11:05:54 EST" skipped="0">
  <testcase classname="learningtestng.Login" name="loginTest" time="0.800"/>
  <system-out/>
</testsuite> <!-- learningtestng.Login -->
